npm warn ERESOLVE overriding peer dependency
npm warn While resolving: @joshwooding/vite-plugin-react-docgen-typescript@0.5.0
npm warn Found: vite@7.1.5
npm warn node_modules/vite
npm warn   peer vite@"^5.0.0 || ^6.0.0 || ^7.0.0" from @nx/vite@21.5.2
npm warn   node_modules/@nx/vite
npm warn     @nx/vite@"21.5.2" from @nx/react@21.5.2
npm warn     node_modules/@nx/react
npm warn     1 more (the root project)
npm warn   5 more (@vitejs/plugin-react, @vitest/mocker, vite-node, vitest, the root project)
npm warn
npm warn Could not resolve dependency:
npm warn peer vite@"^3.0.0 || ^4.0.0 || ^5.0.0 || ^6.0.0" from @joshwooding/vite-plugin-react-docgen-typescript@0.5.0
npm warn node_modules/@joshwooding/vite-plugin-react-docgen-typescript
npm warn   @joshwooding/vite-plugin-react-docgen-typescript@"0.5.0" from @storybook/react-vite@8.6.14
npm warn   node_modules/@storybook/react-vite
npm warn
npm warn Conflicting peer dependency: vite@6.3.6
npm warn node_modules/vite
npm warn   peer vite@"^3.0.0 || ^4.0.0 || ^5.0.0 || ^6.0.0" from @joshwooding/vite-plugin-react-docgen-typescript@0.5.0
npm warn   node_modules/@joshwooding/vite-plugin-react-docgen-typescript
npm warn     @joshwooding/vite-plugin-react-docgen-typescript@"0.5.0" from @storybook/react-vite@8.6.14
npm warn     node_modules/@storybook/react-vite
npm warn ERESOLVE overriding peer dependency
npm warn While resolving: @storybook/builder-vite@8.6.14
npm warn Found: vite@7.1.5
npm warn node_modules/vite
npm warn   peer vite@"^5.0.0 || ^6.0.0 || ^7.0.0" from @nx/vite@21.5.2
npm warn   node_modules/@nx/vite
npm warn     @nx/vite@"21.5.2" from @nx/react@21.5.2
npm warn     node_modules/@nx/react
npm warn     1 more (the root project)
npm warn   5 more (@vitejs/plugin-react, @vitest/mocker, vite-node, vitest, the root project)
npm warn
npm warn Could not resolve dependency:
npm warn peer vite@"^4.0.0 || ^5.0.0 || ^6.0.0" from @storybook/builder-vite@8.6.14
npm warn node_modules/@storybook/builder-vite
npm warn   @storybook/builder-vite@"8.6.14" from @storybook/react-vite@8.6.14
npm warn   node_modules/@storybook/react-vite
npm warn
npm warn Conflicting peer dependency: vite@6.3.6
npm warn node_modules/vite
npm warn   peer vite@"^4.0.0 || ^5.0.0 || ^6.0.0" from @storybook/builder-vite@8.6.14
npm warn   node_modules/@storybook/builder-vite
npm warn     @storybook/builder-vite@"8.6.14" from @storybook/react-vite@8.6.14
npm warn     node_modules/@storybook/react-vite
npm error code ERESOLVE
npm error ERESOLVE could not resolve
npm error
npm error While resolving: @storybook/react-vite@8.6.14
npm error Found: vite@7.1.5
npm error node_modules/vite
npm error   peer vite@"^5.0.0 || ^6.0.0 || ^7.0.0" from @nx/vite@21.5.2
npm error   node_modules/@nx/vite
npm error     @nx/vite@"21.5.2" from @nx/react@21.5.2
npm error     node_modules/@nx/react
npm error       @nx/react@"21.5.2" from @nx/detox@21.5.2
npm error       node_modules/@nx/detox
npm error         optional @nx/detox@"21.5.2" from @nx/expo@21.5.2
npm error         node_modules/@nx/expo
npm error       2 more (@nx/expo, the root project)
npm error     dev @nx/vite@"21.5.2" from the root project
npm error   peer vite@"^4.2.0 || ^5.0.0 || ^6.0.0 || ^7.0.0" from @vitejs/plugin-react@4.7.0
npm error   node_modules/@vitejs/plugin-react
npm error     dev @vitejs/plugin-react@"^4.3.3" from @joinomu-monorepo/web@0.0.0
npm error     apps/web
npm error       @joinomu-monorepo/web@0.0.0
npm error       node_modules/@joinomu-monorepo/web
npm error         workspace apps/web from the root project
npm error     dev @vitejs/plugin-react@"^4.2.0" from the root project
npm error   4 more (@vitest/mocker, vite-node, vitest, the root project)
npm error
npm error Could not resolve dependency:
npm error peer vite@"^4.0.0 || ^5.0.0 || ^6.0.0" from @storybook/react-vite@8.6.14
npm error node_modules/@storybook/react-vite
npm error   dev @storybook/react-vite@"^8.4.2" from @joinomu-monorepo/web@0.0.0
npm error   apps/web
npm error     @joinomu-monorepo/web@0.0.0
npm error     node_modules/@joinomu-monorepo/web
npm error       workspace apps/web from the root project
npm error   dev @storybook/react-vite@"^8.6.14" from the root project
npm error
npm error Conflicting peer dependency: vite@6.3.6
npm error node_modules/vite
npm error   peer vite@"^4.0.0 || ^5.0.0 || ^6.0.0" from @storybook/react-vite@8.6.14
npm error   node_modules/@storybook/react-vite
npm error     dev @storybook/react-vite@"^8.4.2" from @joinomu-monorepo/web@0.0.0
npm error     apps/web
npm error       @joinomu-monorepo/web@0.0.0
npm error       node_modules/@joinomu-monorepo/web
npm error         workspace apps/web from the root project
npm error     dev @storybook/react-vite@"^8.6.14" from the root project
npm error
npm error Fix the upstream dependency conflict, or retry
npm error this command with --force or --legacy-peer-deps
npm error to accept an incorrect (and potentially broken) dependency resolution.
npm error
npm error
npm error For a full report see:
npm error /Users/ryankelley/.npm/_logs/2025-10-04T23_05_33_771Z-eresolve-report.txt
npm error A complete log of this run can be found in: /Users/ryankelley/.npm/_logs/2025-10-04T23_05_33_771Z-debug-0.log
